Using pre-set license
Built from '2021.3/staging' branch; Version is '2021.3.10f1 (1c7d0df0160b) revision 1867021'; Using compiler version '192829333'; Build Type 'Release'
OS: 'Windows 10  (10.0.19044) 64bit Professional' Language: 'en' Physical Memory: 16349 MB
BatchMode: 1, IsHumanControllingUs: 0, StartBugReporterOnCrash: 0, Is64bit: 1, IsPro: 1

COMMAND LINE ARGUMENTS:
C:\Program Files\Unity\Hub\Editor\2021.3.10f1\Editor\Unity.exe
-adb2
-batchMode
-noUpm
-name
AssetImportWorker1
-projectPath
C:/Users/aaron/Documents/GitHub/Infinite-Store-Game-SCP-3008/Infinite-Store-Game-SCP-3008
-logFile
Logs/AssetImportWorker1.log
-srvPort
55241
Successfully changed project path to: C:/Users/aaron/Documents/GitHub/Infinite-Store-Game-SCP-3008/Infinite-Store-Game-SCP-3008
C:/Users/aaron/Documents/GitHub/Infinite-Store-Game-SCP-3008/Infinite-Store-Game-SCP-3008
[UnityMemory] Configuration Parameters - Can be set up in boot.config
    "memorysetup-bucket-allocator-granularity=16"
    "memorysetup-bucket-allocator-bucket-count=8"
    "memorysetup-bucket-allocator-block-size=33554432"
    "memorysetup-bucket-allocator-block-count=8"
    "memorysetup-main-allocator-block-size=16777216"
    "memorysetup-thread-allocator-block-size=16777216"
    "memorysetup-gfx-main-allocator-block-size=16777216"
    "memorysetup-gfx-thread-allocator-block-size=16777216"
    "memorysetup-cache-allocator-block-size=4194304"
    "memorysetup-typetree-allocator-block-size=2097152"
    "memorysetup-profiler-bucket-allocator-granularity=16"
    "memorysetup-profiler-bucket-allocator-bucket-count=8"
    "memorysetup-profiler-bucket-allocator-block-size=33554432"
    "memorysetup-profiler-bucket-allocator-block-count=8"
    "memorysetup-profiler-allocator-block-size=16777216"
    "memorysetup-profiler-editor-allocator-block-size=1048576"
    "memorysetup-temp-allocator-size-main=16777216"
    "memorysetup-job-temp-allocator-block-size=2097152"
    "memorysetup-job-temp-allocator-block-size-background=1048576"
    "memorysetup-job-temp-allocator-reduction-small-platforms=262144"
    "memorysetup-temp-allocator-size-background-worker=32768"
    "memorysetup-temp-allocator-size-job-worker=262144"
    "memorysetup-temp-allocator-size-preload-manager=33554432"
    "memorysetup-temp-allocator-size-nav-mesh-worker=65536"
    "memorysetup-temp-allocator-size-audio-worker=65536"
    "memorysetup-temp-allocator-size-cloud-worker=32768"
    "memorysetup-temp-allocator-size-gi-baking-worker=262144"
    "memorysetup-temp-allocator-size-gfx=262144"
Refreshing native plugins compatible for Editor in 388.44 ms, found 3 plugins.
Preloading 0 native plugins for Editor in 0.00 ms.
Initialize engine version: 2021.3.10f1 (1c7d0df0160b)
[Subsystems] Discovering subsystems at path C:/Program Files/Unity/Hub/Editor/2021.3.10f1/Editor/Data/Resources/UnitySubsystems
[Subsystems] Discovering subsystems at path C:/Users/aaron/Documents/GitHub/Infinite-Store-Game-SCP-3008/Infinite-Store-Game-SCP-3008/Assets
GfxDevice: creating device client; threaded=0; jobified=0
Direct3D:
    Version:  Direct3D 11.0 [level 11.1]
    Renderer: Radeon (TM) RX 480 Graphics (ID=0x67df)
    Vendor:   ATI
    VRAM:     8170 MB
    Driver:   31.0.12027.7000
Initialize mono
Mono path[0] = 'C:/Program Files/Unity/Hub/Editor/2021.3.10f1/Editor/Data/Managed'
Mono path[1] = 'C:/Program Files/Unity/Hub/Editor/2021.3.10f1/Editor/Data/MonoBleedingEdge/lib/mono/unityjit-win32'
Mono config path = 'C:/Program Files/Unity/Hub/Editor/2021.3.10f1/Editor/Data/MonoBleedingEdge/etc'
Using monoOptions --debugger-agent=transport=dt_socket,embedding=1,server=y,suspend=n,address=127.0.0.1:56484
Begin MonoManager ReloadAssembly
Registering precompiled unity dll's ...
Register platform support module: C:/Program Files/Unity/Hub/Editor/2021.3.10f1/Editor/Data/PlaybackEngines/WebGLSupport/UnityEditor.WebGL.Extensions.dll
Register platform support module: C:/Program Files/Unity/Hub/Editor/2021.3.10f1/Editor/Data/PlaybackEngines/WindowsStandaloneSupport/UnityEditor.WindowsStandalone.Extensions.dll
Registered in 0.029625 seconds.
Native extension for WindowsStandalone target not found
Native extension for WebGL target not found
Refreshing native plugins compatible for Editor in 284.03 ms, found 3 plugins.
Preloading 0 native plugins for Editor in 0.00 ms.
Mono: successfully reloaded assembly
- Completed reload, in  1.939 seconds
Domain Reload Profiling:
	ReloadAssembly (1940ms)
		BeginReloadAssembly (324ms)
			ExecutionOrderSort (0ms)
			DisableScriptedObjects (0ms)
			BackupInstance (0ms)
			ReleaseScriptingObjects (0ms)
			CreateAndSetChildDomain (1ms)
		EndReloadAssembly (1273ms)
			LoadAssemblies (319ms)
			RebuildTransferFunctionScriptingTraits (0ms)
			SetupTypeCache (393ms)
			ReleaseScriptCaches (0ms)
			RebuildScriptCaches (56ms)
			SetupLoadedEditorAssemblies (706ms)
				LogAssemblyErrors (0ms)
				InitializePlatformSupportModulesInManaged (19ms)
				SetLoadedEditorAssemblies (0ms)
				RefreshPlugins (284ms)
				BeforeProcessingInitializeOnLoad (2ms)
				ProcessInitializeOnLoadAttributes (286ms)
				ProcessInitializeOnLoadMethodAttributes (114ms)
				AfterProcessingInitializeOnLoad (0ms)
				EditorAssembliesLoaded (0ms)
			ExecutionOrderSort2 (0ms)
			AwakeInstancesAfterBackupRestoration (0ms)
Platform modules already initialized, skipping
Registering precompiled user dll's ...
Registered in 0.028032 seconds.
Begin MonoManager ReloadAssembly
Symbol file LoadedFromMemory doesn't match image C:\Users\aaron\Documents\GitHub\Infinite-Store-Game-SCP-3008\Infinite-Store-Game-SCP-3008\Library\PackageCache\com.unity.visualscripting@1.7.8\Editor\VisualScripting.Core\Dependencies\YamlDotNet\Unity.VisualScripting.YamlDotNet.dll
Symbol file LoadedFromMemory doesn't match image C:\Users\aaron\Documents\GitHub\Infinite-Store-Game-SCP-3008\Infinite-Store-Game-SCP-3008\Library\PackageCache\com.unity.visualscripting@1.7.8\Editor\VisualScripting.Core\Dependencies\DotNetZip\Unity.VisualScripting.IonicZip.dll
Native extension for WindowsStandalone target not found
Native extension for WebGL target not found
Refreshing native plugins compatible for Editor in 321.10 ms, found 3 plugins.
Preloading 0 native plugins for Editor in 0.00 ms.
Mono: successfully reloaded assembly
- Completed reload, in  4.059 seconds
Domain Reload Profiling:
	ReloadAssembly (4060ms)
		BeginReloadAssembly (265ms)
			ExecutionOrderSort (0ms)
			DisableScriptedObjects (12ms)
			BackupInstance (0ms)
			ReleaseScriptingObjects (0ms)
			CreateAndSetChildDomain (40ms)
		EndReloadAssembly (3470ms)
			LoadAssemblies (263ms)
			RebuildTransferFunctionScriptingTraits (0ms)
			SetupTypeCache (987ms)
			ReleaseScriptCaches (2ms)
			RebuildScriptCaches (242ms)
			SetupLoadedEditorAssemblies (1844ms)
				LogAssemblyErrors (0ms)
				InitializePlatformSupportModulesInManaged (15ms)
				SetLoadedEditorAssemblies (0ms)
				RefreshPlugins (321ms)
				BeforeProcessingInitializeOnLoad (309ms)
				ProcessInitializeOnLoadAttributes (852ms)
				ProcessInitializeOnLoadMethodAttributes (319ms)
				AfterProcessingInitializeOnLoad (28ms)
				EditorAssembliesLoaded (0ms)
			ExecutionOrderSort2 (0ms)
			AwakeInstancesAfterBackupRestoration (10ms)
Platform modules already initialized, skipping
========================================================================
Worker process is ready to serve import requests
Launched and connected shader compiler UnityShaderCompiler.exe after 0.13 seconds
Refreshing native plugins compatible for Editor in 1.82 ms, found 3 plugins.
Preloading 0 native plugins for Editor in 0.00 ms.
Unloading 6907 Unused Serialized files (Serialized files now loaded: 0)
Unloading 71 unused Assets / (3.8 MB). Loaded Objects now: 7355.
Memory consumption went from 306.7 MB to 302.9 MB.
Total: 8.688400 ms (FindLiveObjects: 0.750400 ms CreateObjectMapping: 0.380800 ms MarkObjects: 6.115800 ms  DeleteObjects: 1.439500 ms)

AssetImportParameters requested are different than current active one (requested -> active):
  custom:video-decoder-ogg-theora: a1e56fd34408186e4bbccfd4996cb3dc -> 
  custom:container-muxer-webm: aa71ff27fc2769a1b78a27578f13a17b -> 
  custom:container-demuxer-webm: 4f35f7cbe854078d1ac9338744f61a02 -> 
  custom:video-encoder-webm-vp8: eb34c28f22e8b96e1ab97ce403110664 -> 
  custom:audio-encoder-webm-vorbis: bf7c407c2cedff20999df2af8eb42d56 -> 
  custom:framework-win-MediaFoundation: 216162199b28c13a410421893ffa2e32 -> 
  custom:container-demuxer-ogg: 62fdf1f143b41e24485cea50d1cbac27 -> 
  custom:video-decoder-webm-vp8: 9c59270c3fd7afecdb556c50c9e8de78 -> 
  custom:audio-decoder-ogg-vorbis: bf7c407c2cedff20999df2af8eb42d56 -> 
========================================================================
Received Import Request.
  Time since last request: 95419.572744 seconds.
  path: Assets/Prefabs/Polt 2.prefab
  artifactKey: Guid(dc0165f1c5ef99e409aba8c5e21b6299) Importer(815301076,1909f56bfc062723c751e8b465ee728b)
Start importing Assets/Prefabs/Polt 2.prefab using Guid(dc0165f1c5ef99e409aba8c5e21b6299) Importer(815301076,1909f56bfc062723c751e8b465ee728b)  -> (artifact id: '54a97611118794273f09a40bd8350b7b') in 1.707517 seconds 
========================================================================
Received Import Request.
  Time since last request: 0.000059 seconds.
  path: Assets/Prefabs/Polt 3.prefab
  artifactKey: Guid(8aab261581f7f7f469563222eb0c2bf4) Importer(815301076,1909f56bfc062723c751e8b465ee728b)
Start importing Assets/Prefabs/Polt 3.prefab using Guid(8aab261581f7f7f469563222eb0c2bf4) Importer(815301076,1909f56bfc062723c751e8b465ee728b)  -> (artifact id: '31cc76d6441ac9934a0046a3bc7978fd') in 0.128724 seconds 
========================================================================
Received Import Request.
  Time since last request: 0.000058 seconds.
  path: Assets/Prefabs/Roof1.prefab
  artifactKey: Guid(fea26ca112cedbb49bbd35ea70897527) Importer(815301076,1909f56bfc062723c751e8b465ee728b)
Start importing Assets/Prefabs/Roof1.prefab using Guid(fea26ca112cedbb49bbd35ea70897527) Importer(815301076,1909f56bfc062723c751e8b465ee728b)  -> (artifact id: '388409b6040f5f18ef765184216269cb') in 0.065001 seconds 
========================================================================
Received Prepare
Registering precompiled user dll's ...
Registered in 0.021414 seconds.
Begin MonoManager ReloadAssembly
Symbol file LoadedFromMemory doesn't match image C:\Users\aaron\Documents\GitHub\Infinite-Store-Game-SCP-3008\Infinite-Store-Game-SCP-3008\Library\PackageCache\com.unity.visualscripting@1.7.8\Editor\VisualScripting.Core\Dependencies\YamlDotNet\Unity.VisualScripting.YamlDotNet.dll
Symbol file LoadedFromMemory doesn't match image C:\Users\aaron\Documents\GitHub\Infinite-Store-Game-SCP-3008\Infinite-Store-Game-SCP-3008\Library\PackageCache\com.unity.visualscripting@1.7.8\Editor\VisualScripting.Core\Dependencies\DotNetZip\Unity.VisualScripting.IonicZip.dll
Native extension for WindowsStandalone target not found
Native extension for WebGL target not found
Refreshing native plugins compatible for Editor in 1.96 ms, found 3 plugins.
Preloading 0 native plugins for Editor in 0.00 ms.
Mono: successfully reloaded assembly
- Completed reload, in  3.443 seconds
Domain Reload Profiling:
	ReloadAssembly (3445ms)
		BeginReloadAssembly (395ms)
			ExecutionOrderSort (0ms)
			DisableScriptedObjects (51ms)
			BackupInstance (0ms)
			ReleaseScriptingObjects (0ms)
			CreateAndSetChildDomain (101ms)
		EndReloadAssembly (2782ms)
			LoadAssemblies (274ms)
			RebuildTransferFunctionScriptingTraits (0ms)
			SetupTypeCache (931ms)
			ReleaseScriptCaches (5ms)
			RebuildScriptCaches (174ms)
			SetupLoadedEditorAssemblies (1129ms)
				LogAssemblyErrors (0ms)
				InitializePlatformSupportModulesInManaged (32ms)
				SetLoadedEditorAssemblies (1ms)
				RefreshPlugins (2ms)
				BeforeProcessingInitializeOnLoad (241ms)
				ProcessInitializeOnLoadAttributes (733ms)
				ProcessInitializeOnLoadMethodAttributes (81ms)
				AfterProcessingInitializeOnLoad (37ms)
				EditorAssembliesLoaded (0ms)
			ExecutionOrderSort2 (0ms)
			AwakeInstancesAfterBackupRestoration (32ms)
Platform modules already initialized, skipping
Refreshing native plugins compatible for Editor in 4.63 ms, found 3 plugins.
Preloading 0 native plugins for Editor in 0.00 ms.
Unloading 6591 Unused Serialized files (Serialized files now loaded: 0)
Unloading 50 unused Assets / (3.8 MB). Loaded Objects now: 7487.
Memory consumption went from 295.9 MB to 292.1 MB.
Total: 9.216100 ms (FindLiveObjects: 0.701800 ms CreateObjectMapping: 0.367200 ms MarkObjects: 6.199100 ms  DeleteObjects: 1.946000 ms)

AssetImportParameters requested are different than current active one (requested -> active):
  custom:video-decoder-ogg-theora: a1e56fd34408186e4bbccfd4996cb3dc -> 
  custom:container-muxer-webm: aa71ff27fc2769a1b78a27578f13a17b -> 
  custom:container-demuxer-webm: 4f35f7cbe854078d1ac9338744f61a02 -> 
  custom:video-encoder-webm-vp8: eb34c28f22e8b96e1ab97ce403110664 -> 
  custom:audio-encoder-webm-vorbis: bf7c407c2cedff20999df2af8eb42d56 -> 
  custom:framework-win-MediaFoundation: 216162199b28c13a410421893ffa2e32 -> 
  custom:container-demuxer-ogg: 62fdf1f143b41e24485cea50d1cbac27 -> 
  custom:video-decoder-webm-vp8: 9c59270c3fd7afecdb556c50c9e8de78 -> 
  custom:audio-decoder-ogg-vorbis: bf7c407c2cedff20999df2af8eb42d56 -> 
========================================================================
Received Import Request.
  Time since last request: 161.332654 seconds.
  path: Assets/Art/Plot/New Material 3.mat
  artifactKey: Guid(9583c533d8b73914c99842cbd93b6ec6) Importer(815301076,1909f56bfc062723c751e8b465ee728b)
Start importing Assets/Art/Plot/New Material 3.mat using Guid(9583c533d8b73914c99842cbd93b6ec6) Importer(815301076,1909f56bfc062723c751e8b465ee728b)  -> (artifact id: '54729e5fbb7c93f548b5a36ecb6bf69c') in 1.124877 seconds 
========================================================================
Received Prepare
Registering precompiled user dll's ...
Registered in 0.024311 seconds.
Begin MonoManager ReloadAssembly
Symbol file LoadedFromMemory doesn't match image C:\Users\aaron\Documents\GitHub\Infinite-Store-Game-SCP-3008\Infinite-Store-Game-SCP-3008\Library\PackageCache\com.unity.visualscripting@1.7.8\Editor\VisualScripting.Core\Dependencies\YamlDotNet\Unity.VisualScripting.YamlDotNet.dll
Symbol file LoadedFromMemory doesn't match image C:\Users\aaron\Documents\GitHub\Infinite-Store-Game-SCP-3008\Infinite-Store-Game-SCP-3008\Library\PackageCache\com.unity.visualscripting@1.7.8\Editor\VisualScripting.Core\Dependencies\DotNetZip\Unity.VisualScripting.IonicZip.dll
Native extension for WindowsStandalone target not found
Native extension for WebGL target not found
Refreshing native plugins compatible for Editor in 1.96 ms, found 3 plugins.
Preloading 0 native plugins for Editor in 0.00 ms.
Mono: successfully reloaded assembly
- Completed reload, in  3.439 seconds
Domain Reload Profiling:
	ReloadAssembly (3440ms)
		BeginReloadAssembly (436ms)
			ExecutionOrderSort (0ms)
			DisableScriptedObjects (62ms)
			BackupInstance (0ms)
			ReleaseScriptingObjects (1ms)
			CreateAndSetChildDomain (129ms)
		EndReloadAssembly (2734ms)
			LoadAssemblies (280ms)
			RebuildTransferFunctionScriptingTraits (0ms)
			SetupTypeCache (899ms)
			ReleaseScriptCaches (5ms)
			RebuildScriptCaches (190ms)
			SetupLoadedEditorAssemblies (1089ms)
				LogAssemblyErrors (0ms)
				InitializePlatformSupportModulesInManaged (37ms)
				SetLoadedEditorAssemblies (1ms)
				RefreshPlugins (2ms)
				BeforeProcessingInitializeOnLoad (241ms)
				ProcessInitializeOnLoadAttributes (705ms)
				ProcessInitializeOnLoadMethodAttributes (75ms)
				AfterProcessingInitializeOnLoad (28ms)
				EditorAssembliesLoaded (0ms)
			ExecutionOrderSort2 (0ms)
			AwakeInstancesAfterBackupRestoration (28ms)
Platform modules already initialized, skipping
Refreshing native plugins compatible for Editor in 5.42 ms, found 3 plugins.
Preloading 0 native plugins for Editor in 0.00 ms.
Unloading 6591 Unused Serialized files (Serialized files now loaded: 0)
Unloading 50 unused Assets / (3.8 MB). Loaded Objects now: 7640.
Memory consumption went from 296.3 MB to 292.4 MB.
Total: 7.412400 ms (FindLiveObjects: 0.699800 ms CreateObjectMapping: 0.369700 ms MarkObjects: 4.994100 ms  DeleteObjects: 1.347300 ms)

AssetImportParameters requested are different than current active one (requested -> active):
  custom:video-decoder-ogg-theora: a1e56fd34408186e4bbccfd4996cb3dc -> 
  custom:container-muxer-webm: aa71ff27fc2769a1b78a27578f13a17b -> 
  custom:container-demuxer-webm: 4f35f7cbe854078d1ac9338744f61a02 -> 
  custom:video-encoder-webm-vp8: eb34c28f22e8b96e1ab97ce403110664 -> 
  custom:audio-encoder-webm-vorbis: bf7c407c2cedff20999df2af8eb42d56 -> 
  custom:framework-win-MediaFoundation: 216162199b28c13a410421893ffa2e32 -> 
  custom:container-demuxer-ogg: 62fdf1f143b41e24485cea50d1cbac27 -> 
  custom:video-decoder-webm-vp8: 9c59270c3fd7afecdb556c50c9e8de78 -> 
  custom:audio-decoder-ogg-vorbis: bf7c407c2cedff20999df2af8eb42d56 -> 
========================================================================
Received Import Request.
  Time since last request: 115.883808 seconds.
  path: Assets/Prefabs/sofa.prefab
  artifactKey: Guid(57370120150b55b4780ef8925aa47871) Importer(815301076,1909f56bfc062723c751e8b465ee728b)
Start importing Assets/Prefabs/sofa.prefab using Guid(57370120150b55b4780ef8925aa47871) Importer(815301076,1909f56bfc062723c751e8b465ee728b)  -> (artifact id: '9b95f29fb6c991a8ab372096cd059807') in 1.095319 seconds 
========================================================================
Received Prepare
Registering precompiled user dll's ...
Registered in 0.029617 seconds.
Begin MonoManager ReloadAssembly
Symbol file LoadedFromMemory doesn't match image C:\Users\aaron\Documents\GitHub\Infinite-Store-Game-SCP-3008\Infinite-Store-Game-SCP-3008\Library\PackageCache\com.unity.visualscripting@1.7.8\Editor\VisualScripting.Core\Dependencies\YamlDotNet\Unity.VisualScripting.YamlDotNet.dll
Symbol file LoadedFromMemory doesn't match image C:\Users\aaron\Documents\GitHub\Infinite-Store-Game-SCP-3008\Infinite-Store-Game-SCP-3008\Library\PackageCache\com.unity.visualscripting@1.7.8\Editor\VisualScripting.Core\Dependencies\DotNetZip\Unity.VisualScripting.IonicZip.dll
Native extension for WindowsStandalone target not found
Native extension for WebGL target not found
Refreshing native plugins compatible for Editor in 1.87 ms, found 3 plugins.
Preloading 0 native plugins for Editor in 0.00 ms.
Mono: successfully reloaded assembly
- Completed reload, in  4.963 seconds
Domain Reload Profiling:
	ReloadAssembly (4966ms)
		BeginReloadAssembly (523ms)
			ExecutionOrderSort (0ms)
			DisableScriptedObjects (72ms)
			BackupInstance (0ms)
			ReleaseScriptingObjects (0ms)
			CreateAndSetChildDomain (139ms)
		EndReloadAssembly (4134ms)
			LoadAssemblies (511ms)
			RebuildTransferFunctionScriptingTraits (0ms)
			SetupTypeCache (1287ms)
			ReleaseScriptCaches (6ms)
			RebuildScriptCaches (241ms)
			SetupLoadedEditorAssemblies (1490ms)
				LogAssemblyErrors (0ms)
				InitializePlatformSupportModulesInManaged (51ms)
				SetLoadedEditorAssemblies (1ms)
				RefreshPlugins (2ms)
				BeforeProcessingInitializeOnLoad (295ms)
				ProcessInitializeOnLoadAttributes (982ms)
				ProcessInitializeOnLoadMethodAttributes (122ms)
				AfterProcessingInitializeOnLoad (37ms)
				EditorAssembliesLoaded (1ms)
			ExecutionOrderSort2 (0ms)
			AwakeInstancesAfterBackupRestoration (45ms)
Platform modules already initialized, skipping
Refreshing native plugins compatible for Editor in 4.89 ms, found 3 plugins.
Preloading 0 native plugins for Editor in 0.00 ms.
Unloading 6591 Unused Serialized files (Serialized files now loaded: 0)
Unloading 50 unused Assets / (3.8 MB). Loaded Objects now: 7760.
Memory consumption went from 296.3 MB to 292.5 MB.
Total: 9.848200 ms (FindLiveObjects: 0.917500 ms CreateObjectMapping: 0.430900 ms MarkObjects: 7.190200 ms  DeleteObjects: 1.307900 ms)

AssetImportParameters requested are different than current active one (requested -> active):
  custom:video-decoder-ogg-theora: a1e56fd34408186e4bbccfd4996cb3dc -> 
  custom:container-muxer-webm: aa71ff27fc2769a1b78a27578f13a17b -> 
  custom:container-demuxer-webm: 4f35f7cbe854078d1ac9338744f61a02 -> 
  custom:video-encoder-webm-vp8: eb34c28f22e8b96e1ab97ce403110664 -> 
  custom:audio-encoder-webm-vorbis: bf7c407c2cedff20999df2af8eb42d56 -> 
  custom:framework-win-MediaFoundation: 216162199b28c13a410421893ffa2e32 -> 
  custom:container-demuxer-ogg: 62fdf1f143b41e24485cea50d1cbac27 -> 
  custom:video-decoder-webm-vp8: 9c59270c3fd7afecdb556c50c9e8de78 -> 
  custom:audio-decoder-ogg-vorbis: bf7c407c2cedff20999df2af8eb42d56 -> 
========================================================================
Received Import Request.
  Time since last request: 170.569287 seconds.
  path: Assets/Prefabs/sofa.prefab
  artifactKey: Guid(57370120150b55b4780ef8925aa47871) Importer(815301076,1909f56bfc062723c751e8b465ee728b)
Start importing Assets/Prefabs/sofa.prefab using Guid(57370120150b55b4780ef8925aa47871) Importer(815301076,1909f56bfc062723c751e8b465ee728b)  -> (artifact id: '6d1eda9e7939f2585909a682b5a7ee23') in 1.302903 seconds 
========================================================================
Received Import Request.
  Time since last request: 27.810817 seconds.
  path: Assets/Prefabs/sofa.prefab
  artifactKey: Guid(57370120150b55b4780ef8925aa47871) Importer(815301076,1909f56bfc062723c751e8b465ee728b)
Start importing Assets/Prefabs/sofa.prefab using Guid(57370120150b55b4780ef8925aa47871) Importer(815301076,1909f56bfc062723c751e8b465ee728b)  -> (artifact id: '5049e85ab2c210a5c0047a196dbd4648') in 0.220321 seconds 
========================================================================
Received Import Request.
  Time since last request: 6.717665 seconds.
  path: Assets/Prefabs/sofa.prefab
  artifactKey: Guid(57370120150b55b4780ef8925aa47871) Importer(815301076,1909f56bfc062723c751e8b465ee728b)
Start importing Assets/Prefabs/sofa.prefab using Guid(57370120150b55b4780ef8925aa47871) Importer(815301076,1909f56bfc062723c751e8b465ee728b)  -> (artifact id: '240c39d9c351526d3a416cc18e7e397a') in 0.089481 seconds 
========================================================================
Received Import Request.
  Time since last request: 11.371741 seconds.
  path: Assets/Prefabs/sofa.prefab
  artifactKey: Guid(57370120150b55b4780ef8925aa47871) Importer(815301076,1909f56bfc062723c751e8b465ee728b)
Start importing Assets/Prefabs/sofa.prefab using Guid(57370120150b55b4780ef8925aa47871) Importer(815301076,1909f56bfc062723c751e8b465ee728b)  -> (artifact id: '25bfaf7344cdb2dbba5ed207b393d542') in 0.190612 seconds 
========================================================================
Received Import Request.
  Time since last request: 18.278014 seconds.
  path: Assets/Prefabs/sofa.prefab
  artifactKey: Guid(57370120150b55b4780ef8925aa47871) Importer(815301076,1909f56bfc062723c751e8b465ee728b)
Start importing Assets/Prefabs/sofa.prefab using Guid(57370120150b55b4780ef8925aa47871) Importer(815301076,1909f56bfc062723c751e8b465ee728b)  -> (artifact id: 'b811776d21f9c619e1b2646b9d6ae4c6') in 0.123149 seconds 
========================================================================
Received Import Request.
  Time since last request: 17.680251 seconds.
  path: Assets/Prefabs/sofa.prefab
  artifactKey: Guid(57370120150b55b4780ef8925aa47871) Importer(815301076,1909f56bfc062723c751e8b465ee728b)
Start importing Assets/Prefabs/sofa.prefab using Guid(57370120150b55b4780ef8925aa47871) Importer(815301076,1909f56bfc062723c751e8b465ee728b)  -> (artifact id: '445bae32ad166ba5daa1eff9c4fff8af') in 0.158344 seconds 
========================================================================
Received Import Request.
  Time since last request: 14.717827 seconds.
  path: Assets/Prefabs/sofa.prefab
  artifactKey: Guid(57370120150b55b4780ef8925aa47871) Importer(815301076,1909f56bfc062723c751e8b465ee728b)
Start importing Assets/Prefabs/sofa.prefab using Guid(57370120150b55b4780ef8925aa47871) Importer(815301076,1909f56bfc062723c751e8b465ee728b)  -> (artifact id: '8555abca3211821fac4de219e6d5f138') in 0.315673 seconds 
========================================================================
Received Import Request.
  Time since last request: 3.181369 seconds.
  path: Assets/Prefabs/sofa.prefab
  artifactKey: Guid(57370120150b55b4780ef8925aa47871) Importer(815301076,1909f56bfc062723c751e8b465ee728b)
Start importing Assets/Prefabs/sofa.prefab using Guid(57370120150b55b4780ef8925aa47871) Importer(815301076,1909f56bfc062723c751e8b465ee728b)  -> (artifact id: '9c25ce0bf805a3c93700ca993594156a') in 0.270307 seconds 
========================================================================
Received Import Request.
  Time since last request: 9.949164 seconds.
  path: Assets/Prefabs/sofa.prefab
  artifactKey: Guid(57370120150b55b4780ef8925aa47871) Importer(815301076,1909f56bfc062723c751e8b465ee728b)
Start importing Assets/Prefabs/sofa.prefab using Guid(57370120150b55b4780ef8925aa47871) Importer(815301076,1909f56bfc062723c751e8b465ee728b)  -> (artifact id: '4915905b39a0460805b69cf29787eba3') in 0.137361 seconds 
========================================================================
Received Import Request.
  Time since last request: 18.720519 seconds.
  path: Assets/Prefabs/sofa.prefab
  artifactKey: Guid(57370120150b55b4780ef8925aa47871) Importer(815301076,1909f56bfc062723c751e8b465ee728b)
Start importing Assets/Prefabs/sofa.prefab using Guid(57370120150b55b4780ef8925aa47871) Importer(815301076,1909f56bfc062723c751e8b465ee728b)  -> (artifact id: 'a374bee110e00fff1a7c266574ee79eb') in 0.075163 seconds 
========================================================================
Received Import Request.
  Time since last request: 18.003029 seconds.
  path: Assets/Prefabs/sofa.prefab
  artifactKey: Guid(57370120150b55b4780ef8925aa47871) Importer(815301076,1909f56bfc062723c751e8b465ee728b)
Start importing Assets/Prefabs/sofa.prefab using Guid(57370120150b55b4780ef8925aa47871) Importer(815301076,1909f56bfc062723c751e8b465ee728b)  -> (artifact id: 'e72abfbd3638e09e4f20f91d870c1d7f') in 0.148496 seconds 
========================================================================
Received Import Request.
  Time since last request: 16.159335 seconds.
  path: Assets/Prefabs/sofa.prefab
  artifactKey: Guid(57370120150b55b4780ef8925aa47871) Importer(815301076,1909f56bfc062723c751e8b465ee728b)
Start importing Assets/Prefabs/sofa.prefab using Guid(57370120150b55b4780ef8925aa47871) Importer(815301076,1909f56bfc062723c751e8b465ee728b)  -> (artifact id: 'a19b659cb945b517174c32c5cf6913b7') in 0.297607 seconds 
========================================================================
Received Import Request.
  Time since last request: 20.254610 seconds.
  path: Assets/Prefabs/sofa.prefab
  artifactKey: Guid(57370120150b55b4780ef8925aa47871) Importer(815301076,1909f56bfc062723c751e8b465ee728b)
Start importing Assets/Prefabs/sofa.prefab using Guid(57370120150b55b4780ef8925aa47871) Importer(815301076,1909f56bfc062723c751e8b465ee728b)  -> (artifact id: '53855162e177cfd6618a3007f2fa039e') in 0.306278 seconds 
========================================================================
Received Import Request.
  Time since last request: 8.773338 seconds.
  path: Assets/Prefabs/sofa.prefab
  artifactKey: Guid(57370120150b55b4780ef8925aa47871) Importer(815301076,1909f56bfc062723c751e8b465ee728b)
Start importing Assets/Prefabs/sofa.prefab using Guid(57370120150b55b4780ef8925aa47871) Importer(815301076,1909f56bfc062723c751e8b465ee728b)  -> (artifact id: 'e9d73bdf8ead278a105c0ea657241380') in 0.170316 seconds 
========================================================================
Received Import Request.
  Time since last request: 6.742435 seconds.
  path: Assets/Prefabs/sofa.prefab
  artifactKey: Guid(57370120150b55b4780ef8925aa47871) Importer(815301076,1909f56bfc062723c751e8b465ee728b)
Start importing Assets/Prefabs/sofa.prefab using Guid(57370120150b55b4780ef8925aa47871) Importer(815301076,1909f56bfc062723c751e8b465ee728b)  -> (artifact id: '3bd8c573e7d7a40d1b8f3a143eb2e8c9') in 0.080647 seconds 
========================================================================
Received Import Request.
  Time since last request: 21.834997 seconds.
  path: Assets/Prefabs/sofa.prefab
  artifactKey: Guid(57370120150b55b4780ef8925aa47871) Importer(815301076,1909f56bfc062723c751e8b465ee728b)
Start importing Assets/Prefabs/sofa.prefab using Guid(57370120150b55b4780ef8925aa47871) Importer(815301076,1909f56bfc062723c751e8b465ee728b)  -> (artifact id: 'b9fe031e8011a71d0ba23f5ae75a9423') in 0.157964 seconds 
========================================================================
Received Import Request.
  Time since last request: 21.121299 seconds.
  path: Assets/Prefabs/sofa.prefab
  artifactKey: Guid(57370120150b55b4780ef8925aa47871) Importer(815301076,1909f56bfc062723c751e8b465ee728b)
Start importing Assets/Prefabs/sofa.prefab using Guid(57370120150b55b4780ef8925aa47871) Importer(815301076,1909f56bfc062723c751e8b465ee728b)  -> (artifact id: 'f562c2cbdf87ef5791cab18c4893c3bd') in 0.251245 seconds 
========================================================================
Received Import Request.
  Time since last request: 5.590578 seconds.
  path: Assets/Prefabs/sofa.prefab
  artifactKey: Guid(57370120150b55b4780ef8925aa47871) Importer(815301076,1909f56bfc062723c751e8b465ee728b)
Start importing Assets/Prefabs/sofa.prefab using Guid(57370120150b55b4780ef8925aa47871) Importer(815301076,1909f56bfc062723c751e8b465ee728b)  -> (artifact id: '8b47ba1c0c17145961b8db37fe628b4b') in 0.455756 seconds 
========================================================================
Received Import Request.
  Time since last request: 5.674375 seconds.
  path: Assets/Prefabs/sofa.prefab
  artifactKey: Guid(57370120150b55b4780ef8925aa47871) Importer(815301076,1909f56bfc062723c751e8b465ee728b)
Start importing Assets/Prefabs/sofa.prefab using Guid(57370120150b55b4780ef8925aa47871) Importer(815301076,1909f56bfc062723c751e8b465ee728b)  -> (artifact id: '751e41ca8302075fdb13a3a97a0cbe3a') in 0.283480 seconds 
========================================================================
Received Import Request.
  Time since last request: 19.390702 seconds.
  path: Assets/Prefabs/sofa.prefab
  artifactKey: Guid(57370120150b55b4780ef8925aa47871) Importer(815301076,1909f56bfc062723c751e8b465ee728b)
Start importing Assets/Prefabs/sofa.prefab using Guid(57370120150b55b4780ef8925aa47871) Importer(815301076,1909f56bfc062723c751e8b465ee728b)  -> (artifact id: '20dac9b378ad88fa55e6ec5ab5a75a50') in 0.114876 seconds 
========================================================================
Received Import Request.
  Time since last request: 4.429766 seconds.
  path: Assets/Prefabs/sofa.prefab
  artifactKey: Guid(57370120150b55b4780ef8925aa47871) Importer(815301076,1909f56bfc062723c751e8b465ee728b)
Start importing Assets/Prefabs/sofa.prefab using Guid(57370120150b55b4780ef8925aa47871) Importer(815301076,1909f56bfc062723c751e8b465ee728b)  -> (artifact id: '553b0198d4472514440d6f08432162ec') in 0.175463 seconds 
========================================================================
Received Import Request.
  Time since last request: 2.388526 seconds.
  path: Assets/Prefabs/sofa.prefab
  artifactKey: Guid(57370120150b55b4780ef8925aa47871) Importer(815301076,1909f56bfc062723c751e8b465ee728b)
Start importing Assets/Prefabs/sofa.prefab using Guid(57370120150b55b4780ef8925aa47871) Importer(815301076,1909f56bfc062723c751e8b465ee728b)  -> (artifact id: '6026b2f27af1020805d1300278be829b') in 0.151976 seconds 
========================================================================
Received Import Request.
  Time since last request: 1.881522 seconds.
  path: Assets/Prefabs/sofa.prefab
  artifactKey: Guid(57370120150b55b4780ef8925aa47871) Importer(815301076,1909f56bfc062723c751e8b465ee728b)
Start importing Assets/Prefabs/sofa.prefab using Guid(57370120150b55b4780ef8925aa47871) Importer(815301076,1909f56bfc062723c751e8b465ee728b)  -> (artifact id: 'a4c6051768fcfd6982acbb361df83b9b') in 0.487532 seconds 
========================================================================
Received Import Request.
  Time since last request: 4.376485 seconds.
  path: Assets/Prefabs/sofa.prefab
  artifactKey: Guid(57370120150b55b4780ef8925aa47871) Importer(815301076,1909f56bfc062723c751e8b465ee728b)
Start importing Assets/Prefabs/sofa.prefab using Guid(57370120150b55b4780ef8925aa47871) Importer(815301076,1909f56bfc062723c751e8b465ee728b)  -> (artifact id: '727cf3250456284ab9deae59fdd874f7') in 0.075905 seconds 
========================================================================
Received Import Request.
  Time since last request: 3.060656 seconds.
  path: Assets/Prefabs/sofa.prefab
  artifactKey: Guid(57370120150b55b4780ef8925aa47871) Importer(815301076,1909f56bfc062723c751e8b465ee728b)
Start importing Assets/Prefabs/sofa.prefab using Guid(57370120150b55b4780ef8925aa47871) Importer(815301076,1909f56bfc062723c751e8b465ee728b)  -> (artifact id: '2368c2b58eeddc4ef3eb5e5063fdcd93') in 0.105387 seconds 
========================================================================
Received Import Request.
  Time since last request: 2.603319 seconds.
  path: Assets/Prefabs/sofa.prefab
  artifactKey: Guid(57370120150b55b4780ef8925aa47871) Importer(815301076,1909f56bfc062723c751e8b465ee728b)
Start importing Assets/Prefabs/sofa.prefab using Guid(57370120150b55b4780ef8925aa47871) Importer(815301076,1909f56bfc062723c751e8b465ee728b)  -> (artifact id: 'a19f2672dcee75837cbbc7029d6a5c82') in 0.073723 seconds 
========================================================================
Received Import Request.
  Time since last request: 4.659449 seconds.
  path: Assets/Prefabs/sofa.prefab
  artifactKey: Guid(57370120150b55b4780ef8925aa47871) Importer(815301076,1909f56bfc062723c751e8b465ee728b)
Start importing Assets/Prefabs/sofa.prefab using Guid(57370120150b55b4780ef8925aa47871) Importer(815301076,1909f56bfc062723c751e8b465ee728b)  -> (artifact id: '5b33b2116dd13672e48b325a489527f8') in 0.216902 seconds 
========================================================================
Received Import Request.
  Time since last request: 3.955028 seconds.
  path: Assets/Prefabs/sofa.prefab
  artifactKey: Guid(57370120150b55b4780ef8925aa47871) Importer(815301076,1909f56bfc062723c751e8b465ee728b)
Start importing Assets/Prefabs/sofa.prefab using Guid(57370120150b55b4780ef8925aa47871) Importer(815301076,1909f56bfc062723c751e8b465ee728b)  -> (artifact id: '9740c3d9362bd619ec389f939c1e0f76') in 0.251987 seconds 
========================================================================
Received Import Request.
  Time since last request: 2.570794 seconds.
  path: Assets/Prefabs/sofa.prefab
  artifactKey: Guid(57370120150b55b4780ef8925aa47871) Importer(815301076,1909f56bfc062723c751e8b465ee728b)
Start importing Assets/Prefabs/sofa.prefab using Guid(57370120150b55b4780ef8925aa47871) Importer(815301076,1909f56bfc062723c751e8b465ee728b)  -> (artifact id: 'e505d774b0888368efe635d4f283102a') in 0.210204 seconds 
========================================================================
Received Import Request.
  Time since last request: 2.321250 seconds.
  path: Assets/Prefabs/sofa.prefab
  artifactKey: Guid(57370120150b55b4780ef8925aa47871) Importer(815301076,1909f56bfc062723c751e8b465ee728b)
Start importing Assets/Prefabs/sofa.prefab using Guid(57370120150b55b4780ef8925aa47871) Importer(815301076,1909f56bfc062723c751e8b465ee728b)  -> (artifact id: 'd814776e57c43877bb3025019800884f') in 0.790242 seconds 
========================================================================
Received Import Request.
  Time since last request: 8.540389 seconds.
  path: Assets/Prefabs/sofa.prefab
  artifactKey: Guid(57370120150b55b4780ef8925aa47871) Importer(815301076,1909f56bfc062723c751e8b465ee728b)
Start importing Assets/Prefabs/sofa.prefab using Guid(57370120150b55b4780ef8925aa47871) Importer(815301076,1909f56bfc062723c751e8b465ee728b)  -> (artifact id: 'cba76c004d27a70d7ca3d5ddc61b3d33') in 1.013596 seconds 
========================================================================
Received Import Request.
  Time since last request: 6.126382 seconds.
  path: Assets/Prefabs/sofa.prefab
  artifactKey: Guid(57370120150b55b4780ef8925aa47871) Importer(815301076,1909f56bfc062723c751e8b465ee728b)
Start importing Assets/Prefabs/sofa.prefab using Guid(57370120150b55b4780ef8925aa47871) Importer(815301076,1909f56bfc062723c751e8b465ee728b)  -> (artifact id: '4955faf93ae0f80411ffaa1bc55d0175') in 0.099297 seconds 
========================================================================
Received Import Request.
  Time since last request: 3.814703 seconds.
  path: Assets/Prefabs/sofa.prefab
  artifactKey: Guid(57370120150b55b4780ef8925aa47871) Importer(815301076,1909f56bfc062723c751e8b465ee728b)
Start importing Assets/Prefabs/sofa.prefab using Guid(57370120150b55b4780ef8925aa47871) Importer(815301076,1909f56bfc062723c751e8b465ee728b)  -> (artifact id: 'eda89de38eb572bd768b8974e50165f9') in 0.804605 seconds 
========================================================================
Received Import Request.
  Time since last request: 6.002433 seconds.
  path: Assets/Prefabs/sofa.prefab
  artifactKey: Guid(57370120150b55b4780ef8925aa47871) Importer(815301076,1909f56bfc062723c751e8b465ee728b)
Start importing Assets/Prefabs/sofa.prefab using Guid(57370120150b55b4780ef8925aa47871) Importer(815301076,1909f56bfc062723c751e8b465ee728b)  -> (artifact id: 'da7d0211478d5cc2dfd9bab46fe1c49f') in 0.108968 seconds 
========================================================================
Received Import Request.
  Time since last request: 15.941071 seconds.
  path: Assets/Prefabs/sofa.prefab
  artifactKey: Guid(57370120150b55b4780ef8925aa47871) Importer(815301076,1909f56bfc062723c751e8b465ee728b)
Start importing Assets/Prefabs/sofa.prefab using Guid(57370120150b55b4780ef8925aa47871) Importer(815301076,1909f56bfc062723c751e8b465ee728b)  -> (artifact id: '59ece692e7ddf2cba8b00cbf9e1deea4') in 1.431100 seconds 
========================================================================
Received Import Request.
  Time since last request: 3.699733 seconds.
  path: Assets/Prefabs/sofa.prefab
  artifactKey: Guid(57370120150b55b4780ef8925aa47871) Importer(815301076,1909f56bfc062723c751e8b465ee728b)
Start importing Assets/Prefabs/sofa.prefab using Guid(57370120150b55b4780ef8925aa47871) Importer(815301076,1909f56bfc062723c751e8b465ee728b)  -> (artifact id: '354dc1e3d6bcc75f25b55f81039ae48b') in 0.229832 seconds 
========================================================================
Received Import Request.
  Time since last request: 3.425267 seconds.
  path: Assets/Prefabs/sofa.prefab
  artifactKey: Guid(57370120150b55b4780ef8925aa47871) Importer(815301076,1909f56bfc062723c751e8b465ee728b)
Start importing Assets/Prefabs/sofa.prefab using Guid(57370120150b55b4780ef8925aa47871) Importer(815301076,1909f56bfc062723c751e8b465ee728b)  -> (artifact id: '1e5382e7c3b519ff294b9feb4b4bd7e6') in 0.558260 seconds 
========================================================================
Received Import Request.
  Time since last request: 5.911261 seconds.
  path: Assets/Prefabs/sofa.prefab
  artifactKey: Guid(57370120150b55b4780ef8925aa47871) Importer(815301076,1909f56bfc062723c751e8b465ee728b)
Start importing Assets/Prefabs/sofa.prefab using Guid(57370120150b55b4780ef8925aa47871) Importer(815301076,1909f56bfc062723c751e8b465ee728b)  -> (artifact id: '9b0b4c17d46b452867b604b772e1ff09') in 0.186600 seconds 
========================================================================
Received Import Request.
  Time since last request: 3.221896 seconds.
  path: Assets/Prefabs/sofa.prefab
  artifactKey: Guid(57370120150b55b4780ef8925aa47871) Importer(815301076,1909f56bfc062723c751e8b465ee728b)
Start importing Assets/Prefabs/sofa.prefab using Guid(57370120150b55b4780ef8925aa47871) Importer(815301076,1909f56bfc062723c751e8b465ee728b)  -> (artifact id: '32483705357cfb9c775887b6d4b209a3') in 0.167127 seconds 
========================================================================
Received Import Request.
  Time since last request: 3.753383 seconds.
  path: Assets/Prefabs/sofa.prefab
  artifactKey: Guid(57370120150b55b4780ef8925aa47871) Importer(815301076,1909f56bfc062723c751e8b465ee728b)
Start importing Assets/Prefabs/sofa.prefab using Guid(57370120150b55b4780ef8925aa47871) Importer(815301076,1909f56bfc062723c751e8b465ee728b)  -> (artifact id: '5ddd5c80eae884154e4a80650b74ddd0') in 0.176119 seconds 
========================================================================
Received Import Request.
  Time since last request: 9.267054 seconds.
  path: Assets/Prefabs/sofa.prefab
  artifactKey: Guid(57370120150b55b4780ef8925aa47871) Importer(815301076,1909f56bfc062723c751e8b465ee728b)
Start importing Assets/Prefabs/sofa.prefab using Guid(57370120150b55b4780ef8925aa47871) Importer(815301076,1909f56bfc062723c751e8b465ee728b)  -> (artifact id: '66cf35f3fda17cc27f99573f7206d870') in 0.354230 seconds 
========================================================================
Received Import Request.
  Time since last request: 3.527309 seconds.
  path: Assets/Prefabs/sofa.prefab
  artifactKey: Guid(57370120150b55b4780ef8925aa47871) Importer(815301076,1909f56bfc062723c751e8b465ee728b)
Start importing Assets/Prefabs/sofa.prefab using Guid(57370120150b55b4780ef8925aa47871) Importer(815301076,1909f56bfc062723c751e8b465ee728b)  -> (artifact id: '3c55bdf0c1409cac3994e1e7ddea1f66') in 0.149486 seconds 
========================================================================
Received Import Request.
  Time since last request: 1.401079 seconds.
  path: Assets/Prefabs/sofa.prefab
  artifactKey: Guid(57370120150b55b4780ef8925aa47871) Importer(815301076,1909f56bfc062723c751e8b465ee728b)
Start importing Assets/Prefabs/sofa.prefab using Guid(57370120150b55b4780ef8925aa47871) Importer(815301076,1909f56bfc062723c751e8b465ee728b)  -> (artifact id: 'e043e3fe4d6869a07d021272297d2ea1') in 0.162484 seconds 
========================================================================
Received Import Request.
  Time since last request: 2.580100 seconds.
  path: Assets/Prefabs/sofa.prefab
  artifactKey: Guid(57370120150b55b4780ef8925aa47871) Importer(815301076,1909f56bfc062723c751e8b465ee728b)
Start importing Assets/Prefabs/sofa.prefab using Guid(57370120150b55b4780ef8925aa47871) Importer(815301076,1909f56bfc062723c751e8b465ee728b)  -> (artifact id: 'fc32bf883ee81a58a1e5f5f5620ba611') in 0.731850 seconds 
========================================================================
Received Import Request.
  Time since last request: 4.315550 seconds.
  path: Assets/Prefabs/sofa.prefab
  artifactKey: Guid(57370120150b55b4780ef8925aa47871) Importer(815301076,1909f56bfc062723c751e8b465ee728b)
Start importing Assets/Prefabs/sofa.prefab using Guid(57370120150b55b4780ef8925aa47871) Importer(815301076,1909f56bfc062723c751e8b465ee728b)  -> (artifact id: '0ab9ec8ee77ddcebc190b0f1fce5394b') in 1.343870 seconds 
========================================================================
Received Import Request.
  Time since last request: 5.904397 seconds.
  path: Assets/Prefabs/sofa.prefab
  artifactKey: Guid(57370120150b55b4780ef8925aa47871) Importer(815301076,1909f56bfc062723c751e8b465ee728b)
Start importing Assets/Prefabs/sofa.prefab using Guid(57370120150b55b4780ef8925aa47871) Importer(815301076,1909f56bfc062723c751e8b465ee728b)  -> (artifact id: '664f0a8f2577e3f91cf31b34c07f3da5') in 0.280559 seconds 
========================================================================
Received Import Request.
  Time since last request: 1.556513 seconds.
  path: Assets/Prefabs/sofa.prefab
  artifactKey: Guid(57370120150b55b4780ef8925aa47871) Importer(815301076,1909f56bfc062723c751e8b465ee728b)
Start importing Assets/Prefabs/sofa.prefab using Guid(57370120150b55b4780ef8925aa47871) Importer(815301076,1909f56bfc062723c751e8b465ee728b)  -> (artifact id: '0f61679c93488944c6fe56902d027167') in 0.318218 seconds 
========================================================================
Received Import Request.
  Time since last request: 2.132335 seconds.
  path: Assets/Prefabs/sofa.prefab
  artifactKey: Guid(57370120150b55b4780ef8925aa47871) Importer(815301076,1909f56bfc062723c751e8b465ee728b)
Start importing Assets/Prefabs/sofa.prefab using Guid(57370120150b55b4780ef8925aa47871) Importer(815301076,1909f56bfc062723c751e8b465ee728b)  -> (artifact id: '648784166c7afbcefdc037ac42b827c6') in 0.266972 seconds 
========================================================================
Received Import Request.
  Time since last request: 2.664448 seconds.
  path: Assets/Prefabs/sofa.prefab
  artifactKey: Guid(57370120150b55b4780ef8925aa47871) Importer(815301076,1909f56bfc062723c751e8b465ee728b)
Start importing Assets/Prefabs/sofa.prefab using Guid(57370120150b55b4780ef8925aa47871) Importer(815301076,1909f56bfc062723c751e8b465ee728b)  -> (artifact id: 'e31183cef903772f4fd8e99624d56cd7') in 0.157746 seconds 
========================================================================
Received Import Request.
  Time since last request: 2.244900 seconds.
  path: Assets/Prefabs/sofa.prefab
  artifactKey: Guid(57370120150b55b4780ef8925aa47871) Importer(815301076,1909f56bfc062723c751e8b465ee728b)
Start importing Assets/Prefabs/sofa.prefab using Guid(57370120150b55b4780ef8925aa47871) Importer(815301076,1909f56bfc062723c751e8b465ee728b)  -> (artifact id: 'e20d943e462314feed10234cbde7f488') in 0.127549 seconds 
========================================================================
Received Import Request.
  Time since last request: 3.406151 seconds.
  path: Assets/Prefabs/sofa.prefab
  artifactKey: Guid(57370120150b55b4780ef8925aa47871) Importer(815301076,1909f56bfc062723c751e8b465ee728b)
Start importing Assets/Prefabs/sofa.prefab using Guid(57370120150b55b4780ef8925aa47871) Importer(815301076,1909f56bfc062723c751e8b465ee728b)  -> (artifact id: '8355b026925c647ca0d33877d1fd885f') in 0.527586 seconds 
========================================================================
Received Import Request.
  Time since last request: 3.802248 seconds.
  path: Assets/Prefabs/sofa.prefab
  artifactKey: Guid(57370120150b55b4780ef8925aa47871) Importer(815301076,1909f56bfc062723c751e8b465ee728b)
Start importing Assets/Prefabs/sofa.prefab using Guid(57370120150b55b4780ef8925aa47871) Importer(815301076,1909f56bfc062723c751e8b465ee728b)  -> (artifact id: 'cdaeacdf79cd1d5f1f166d93674883d4') in 0.132989 seconds 
========================================================================
Received Import Request.
  Time since last request: 7.590036 seconds.
  path: Assets/Prefabs/sofa.prefab
  artifactKey: Guid(57370120150b55b4780ef8925aa47871) Importer(815301076,1909f56bfc062723c751e8b465ee728b)
Start importing Assets/Prefabs/sofa.prefab using Guid(57370120150b55b4780ef8925aa47871) Importer(815301076,1909f56bfc062723c751e8b465ee728b)  -> (artifact id: '729a771fd04b1ec028da919ec4eafa90') in 0.228172 seconds 
========================================================================
Received Prepare
Registering precompiled user dll's ...
Registered in 0.151731 seconds.
Begin MonoManager ReloadAssembly
Symbol file LoadedFromMemory doesn't match image C:\Users\aaron\Documents\GitHub\Infinite-Store-Game-SCP-3008\Infinite-Store-Game-SCP-3008\Library\PackageCache\com.unity.visualscripting@1.7.8\Editor\VisualScripting.Core\Dependencies\YamlDotNet\Unity.VisualScripting.YamlDotNet.dll
Symbol file LoadedFromMemory doesn't match image C:\Users\aaron\Documents\GitHub\Infinite-Store-Game-SCP-3008\Infinite-Store-Game-SCP-3008\Library\PackageCache\com.unity.visualscripting@1.7.8\Editor\VisualScripting.Core\Dependencies\DotNetZip\Unity.VisualScripting.IonicZip.dll
Native extension for WindowsStandalone target not found
Native extension for WebGL target not found
Refreshing native plugins compatible for Editor in 2.21 ms, found 3 plugins.
Preloading 0 native plugins for Editor in 0.00 ms.
Mono: successfully reloaded assembly
- Completed reload, in 12.804 seconds
Domain Reload Profiling:
	ReloadAssembly (12806ms)
		BeginReloadAssembly (5814ms)
			ExecutionOrderSort (1ms)
			DisableScriptedObjects (129ms)
			BackupInstance (0ms)
			ReleaseScriptingObjects (11ms)
			CreateAndSetChildDomain (417ms)
		EndReloadAssembly (6617ms)
			LoadAssemblies (2105ms)
			RebuildTransferFunctionScriptingTraits (0ms)
			SetupTypeCache (1350ms)
			ReleaseScriptCaches (9ms)
			RebuildScriptCaches (256ms)
			SetupLoadedEditorAssemblies (3404ms)
				LogAssemblyErrors (0ms)
				InitializePlatformSupportModulesInManaged (55ms)
				SetLoadedEditorAssemblies (1ms)
				RefreshPlugins (2ms)
				BeforeProcessingInitializeOnLoad (369ms)
				ProcessInitializeOnLoadAttributes (2817ms)
				ProcessInitializeOnLoadMethodAttributes (121ms)
				AfterProcessingInitializeOnLoad (38ms)
				EditorAssembliesLoaded (0ms)
			ExecutionOrderSort2 (1ms)
			AwakeInstancesAfterBackupRestoration (578ms)
Platform modules already initialized, skipping
Refreshing native plugins compatible for Editor in 18.62 ms, found 3 plugins.
Preloading 0 native plugins for Editor in 0.00 ms.
Unloading 6591 Unused Serialized files (Serialized files now loaded: 0)
Unloading 50 unused Assets / (3.8 MB). Loaded Objects now: 7881.
Memory consumption went from 296.6 MB to 292.8 MB.
Total: 298.920600 ms (FindLiveObjects: 2.227700 ms CreateObjectMapping: 12.030400 ms MarkObjects: 281.821700 ms  DeleteObjects: 2.838200 ms)

AssetImportParameters requested are different than current active one (requested -> active):
  custom:video-decoder-ogg-theora: a1e56fd34408186e4bbccfd4996cb3dc -> 
  custom:container-muxer-webm: aa71ff27fc2769a1b78a27578f13a17b -> 
  custom:container-demuxer-webm: 4f35f7cbe854078d1ac9338744f61a02 -> 
  custom:video-encoder-webm-vp8: eb34c28f22e8b96e1ab97ce403110664 -> 
  custom:audio-encoder-webm-vorbis: bf7c407c2cedff20999df2af8eb42d56 -> 
  custom:framework-win-MediaFoundation: 216162199b28c13a410421893ffa2e32 -> 
  custom:container-demuxer-ogg: 62fdf1f143b41e24485cea50d1cbac27 -> 
  custom:video-decoder-webm-vp8: 9c59270c3fd7afecdb556c50c9e8de78 -> 
  custom:audio-decoder-ogg-vorbis: bf7c407c2cedff20999df2af8eb42d56 -> 
