Using pre-set license
Built from '2021.3/staging' branch; Version is '2021.3.10f1 (1c7d0df0160b) revision 1867021'; Using compiler version '192829333'; Build Type 'Release'
OS: 'Windows 10  (10.0.19044) 64bit Professional' Language: 'en' Physical Memory: 16349 MB
BatchMode: 1, IsHumanControllingUs: 0, StartBugReporterOnCrash: 0, Is64bit: 1, IsPro: 1

COMMAND LINE ARGUMENTS:
C:\Program Files\Unity\Hub\Editor\2021.3.10f1\Editor\Unity.exe
-adb2
-batchMode
-noUpm
-name
AssetImportWorker0
-projectPath
C:/Users/aaron/Documents/GitHub/Infinite-Store-Game-SCP-3008/Infinite-Store-Game-SCP-3008
-logFile
Logs/AssetImportWorker0.log
-srvPort
60427
Successfully changed project path to: C:/Users/aaron/Documents/GitHub/Infinite-Store-Game-SCP-3008/Infinite-Store-Game-SCP-3008
C:/Users/aaron/Documents/GitHub/Infinite-Store-Game-SCP-3008/Infinite-Store-Game-SCP-3008
[UnityMemory] Configuration Parameters - Can be set up in boot.config
    "memorysetup-bucket-allocator-granularity=16"
    "memorysetup-bucket-allocator-bucket-count=8"
    "memorysetup-bucket-allocator-block-size=33554432"
    "memorysetup-bucket-allocator-block-count=8"
    "memorysetup-main-allocator-block-size=16777216"
    "memorysetup-thread-allocator-block-size=16777216"
    "memorysetup-gfx-main-allocator-block-size=16777216"
    "memorysetup-gfx-thread-allocator-block-size=16777216"
    "memorysetup-cache-allocator-block-size=4194304"
    "memorysetup-typetree-allocator-block-size=2097152"
    "memorysetup-profiler-bucket-allocator-granularity=16"
    "memorysetup-profiler-bucket-allocator-bucket-count=8"
    "memorysetup-profiler-bucket-allocator-block-size=33554432"
    "memorysetup-profiler-bucket-allocator-block-count=8"
    "memorysetup-profiler-allocator-block-size=16777216"
    "memorysetup-profiler-editor-allocator-block-size=1048576"
    "memorysetup-temp-allocator-size-main=16777216"
    "memorysetup-job-temp-allocator-block-size=2097152"
    "memorysetup-job-temp-allocator-block-size-background=1048576"
    "memorysetup-job-temp-allocator-reduction-small-platforms=262144"
    "memorysetup-temp-allocator-size-background-worker=32768"
    "memorysetup-temp-allocator-size-job-worker=262144"
    "memorysetup-temp-allocator-size-preload-manager=33554432"
    "memorysetup-temp-allocator-size-nav-mesh-worker=65536"
    "memorysetup-temp-allocator-size-audio-worker=65536"
    "memorysetup-temp-allocator-size-cloud-worker=32768"
    "memorysetup-temp-allocator-size-gi-baking-worker=262144"
    "memorysetup-temp-allocator-size-gfx=262144"
Refreshing native plugins compatible for Editor in 226.08 ms, found 3 plugins.
Preloading 0 native plugins for Editor in 0.00 ms.
Initialize engine version: 2021.3.10f1 (1c7d0df0160b)
[Subsystems] Discovering subsystems at path C:/Program Files/Unity/Hub/Editor/2021.3.10f1/Editor/Data/Resources/UnitySubsystems
[Subsystems] Discovering subsystems at path C:/Users/aaron/Documents/GitHub/Infinite-Store-Game-SCP-3008/Infinite-Store-Game-SCP-3008/Assets
GfxDevice: creating device client; threaded=0; jobified=0
Direct3D:
    Version:  Direct3D 11.0 [level 11.1]
    Renderer: Radeon (TM) RX 480 Graphics (ID=0x67df)
    Vendor:   ATI
    VRAM:     8170 MB
    Driver:   31.0.12027.7000
Initialize mono
Mono path[0] = 'C:/Program Files/Unity/Hub/Editor/2021.3.10f1/Editor/Data/Managed'
Mono path[1] = 'C:/Program Files/Unity/Hub/Editor/2021.3.10f1/Editor/Data/MonoBleedingEdge/lib/mono/unityjit-win32'
Mono config path = 'C:/Program Files/Unity/Hub/Editor/2021.3.10f1/Editor/Data/MonoBleedingEdge/etc'
Using monoOptions --debugger-agent=transport=dt_socket,embedding=1,server=y,suspend=n,address=127.0.0.1:56720
Begin MonoManager ReloadAssembly
Registering precompiled unity dll's ...
Register platform support module: C:/Program Files/Unity/Hub/Editor/2021.3.10f1/Editor/Data/PlaybackEngines/WebGLSupport/UnityEditor.WebGL.Extensions.dll
Register platform support module: C:/Program Files/Unity/Hub/Editor/2021.3.10f1/Editor/Data/PlaybackEngines/WindowsStandaloneSupport/UnityEditor.WindowsStandalone.Extensions.dll
Registered in 0.018629 seconds.
Native extension for WindowsStandalone target not found
Native extension for WebGL target not found
Refreshing native plugins compatible for Editor in 221.20 ms, found 3 plugins.
Preloading 0 native plugins for Editor in 0.00 ms.
Mono: successfully reloaded assembly
- Completed reload, in  1.178 seconds
Domain Reload Profiling:
	ReloadAssembly (1179ms)
		BeginReloadAssembly (121ms)
			ExecutionOrderSort (0ms)
			DisableScriptedObjects (0ms)
			BackupInstance (0ms)
			ReleaseScriptingObjects (0ms)
			CreateAndSetChildDomain (1ms)
		EndReloadAssembly (860ms)
			LoadAssemblies (116ms)
			RebuildTransferFunctionScriptingTraits (0ms)
			SetupTypeCache (179ms)
			ReleaseScriptCaches (0ms)
			RebuildScriptCaches (44ms)
			SetupLoadedEditorAssemblies (553ms)
				LogAssemblyErrors (0ms)
				InitializePlatformSupportModulesInManaged (16ms)
				SetLoadedEditorAssemblies (0ms)
				RefreshPlugins (221ms)
				BeforeProcessingInitializeOnLoad (2ms)
				ProcessInitializeOnLoadAttributes (244ms)
				ProcessInitializeOnLoadMethodAttributes (70ms)
				AfterProcessingInitializeOnLoad (0ms)
				EditorAssembliesLoaded (0ms)
			ExecutionOrderSort2 (0ms)
			AwakeInstancesAfterBackupRestoration (0ms)
Platform modules already initialized, skipping
Registering precompiled user dll's ...
Registered in 0.020801 seconds.
Begin MonoManager ReloadAssembly
Symbol file LoadedFromMemory doesn't match image C:\Users\aaron\Documents\GitHub\Infinite-Store-Game-SCP-3008\Infinite-Store-Game-SCP-3008\Library\PackageCache\com.unity.visualscripting@1.7.8\Editor\VisualScripting.Core\Dependencies\YamlDotNet\Unity.VisualScripting.YamlDotNet.dll
Symbol file LoadedFromMemory doesn't match image C:\Users\aaron\Documents\GitHub\Infinite-Store-Game-SCP-3008\Infinite-Store-Game-SCP-3008\Library\PackageCache\com.unity.visualscripting@1.7.8\Editor\VisualScripting.Core\Dependencies\DotNetZip\Unity.VisualScripting.IonicZip.dll
Native extension for WindowsStandalone target not found
Native extension for WebGL target not found
Refreshing native plugins compatible for Editor in 255.38 ms, found 3 plugins.
Preloading 0 native plugins for Editor in 0.00 ms.
Mono: successfully reloaded assembly
- Completed reload, in  3.170 seconds
Domain Reload Profiling:
	ReloadAssembly (3172ms)
		BeginReloadAssembly (200ms)
			ExecutionOrderSort (0ms)
			DisableScriptedObjects (9ms)
			BackupInstance (0ms)
			ReleaseScriptingObjects (0ms)
			CreateAndSetChildDomain (34ms)
		EndReloadAssembly (2749ms)
			LoadAssemblies (195ms)
			RebuildTransferFunctionScriptingTraits (0ms)
			SetupTypeCache (761ms)
			ReleaseScriptCaches (2ms)
			RebuildScriptCaches (180ms)
			SetupLoadedEditorAssemblies (1530ms)
				LogAssemblyErrors (0ms)
				InitializePlatformSupportModulesInManaged (12ms)
				SetLoadedEditorAssemblies (0ms)
				RefreshPlugins (255ms)
				BeforeProcessingInitializeOnLoad (275ms)
				ProcessInitializeOnLoadAttributes (695ms)
				ProcessInitializeOnLoadMethodAttributes (270ms)
				AfterProcessingInitializeOnLoad (21ms)
				EditorAssembliesLoaded (0ms)
			ExecutionOrderSort2 (0ms)
			AwakeInstancesAfterBackupRestoration (10ms)
Platform modules already initialized, skipping
========================================================================
Worker process is ready to serve import requests
Launched and connected shader compiler UnityShaderCompiler.exe after 0.06 seconds
Refreshing native plugins compatible for Editor in 1.79 ms, found 3 plugins.
Preloading 0 native plugins for Editor in 0.00 ms.
Unloading 6908 Unused Serialized files (Serialized files now loaded: 0)
Unloading 71 unused Assets / (3.9 MB). Loaded Objects now: 7357.
Memory consumption went from 306.8 MB to 302.9 MB.
Total: 7.372700 ms (FindLiveObjects: 0.737800 ms CreateObjectMapping: 0.381700 ms MarkObjects: 4.706700 ms  DeleteObjects: 1.544400 ms)

AssetImportParameters requested are different than current active one (requested -> active):
  custom:video-decoder-ogg-theora: a1e56fd34408186e4bbccfd4996cb3dc -> 
  custom:container-muxer-webm: aa71ff27fc2769a1b78a27578f13a17b -> 
  custom:container-demuxer-webm: 4f35f7cbe854078d1ac9338744f61a02 -> 
  custom:video-encoder-webm-vp8: eb34c28f22e8b96e1ab97ce403110664 -> 
  custom:audio-encoder-webm-vorbis: bf7c407c2cedff20999df2af8eb42d56 -> 
  custom:framework-win-MediaFoundation: 216162199b28c13a410421893ffa2e32 -> 
  custom:container-demuxer-ogg: 62fdf1f143b41e24485cea50d1cbac27 -> 
  custom:video-decoder-webm-vp8: 9c59270c3fd7afecdb556c50c9e8de78 -> 
  custom:audio-decoder-ogg-vorbis: bf7c407c2cedff20999df2af8eb42d56 -> 
========================================================================
Received Import Request.
  Time since last request: 148743.580761 seconds.
  path: Assets/Prefabs/Sofas/Sofa Set/Chair Sofa (Sofa Set) .prefab
  artifactKey: Guid(f2443dc70eaf357498b64a4afb21827a) Importer(815301076,1909f56bfc062723c751e8b465ee728b)
Start importing Assets/Prefabs/Sofas/Sofa Set/Chair Sofa (Sofa Set) .prefab using Guid(f2443dc70eaf357498b64a4afb21827a) Importer(815301076,1909f56bfc062723c751e8b465ee728b)  -> (artifact id: '2717b83b0e24c65f36f9e4ee5bdb6b0d') in 1.183109 seconds 
========================================================================
Received Import Request.
  Time since last request: 11.031213 seconds.
  path: Assets/Prefabs/Sofas/Sofa Set/Chair Sofa (Sofa Set) .prefab
  artifactKey: Guid(f2443dc70eaf357498b64a4afb21827a) Importer(815301076,1909f56bfc062723c751e8b465ee728b)
Start importing Assets/Prefabs/Sofas/Sofa Set/Chair Sofa (Sofa Set) .prefab using Guid(f2443dc70eaf357498b64a4afb21827a) Importer(815301076,1909f56bfc062723c751e8b465ee728b)  -> (artifact id: '9b8c4ea85e690602dff71f719cbe47fc') in 0.045292 seconds 
========================================================================
Received Import Request.
  Time since last request: 39.987408 seconds.
  path: Assets/Prefabs/Sofas/Sofa Set/Corner Sofa (Sofa Set) .prefab
  artifactKey: Guid(828f22a0743ba4946ba846cb7b758220) Importer(815301076,1909f56bfc062723c751e8b465ee728b)
Start importing Assets/Prefabs/Sofas/Sofa Set/Corner Sofa (Sofa Set) .prefab using Guid(828f22a0743ba4946ba846cb7b758220) Importer(815301076,1909f56bfc062723c751e8b465ee728b)  -> (artifact id: 'bc64716e31e162c9df23d02f93282dd1') in 0.040313 seconds 
========================================================================
Received Import Request.
  Time since last request: 1.925325 seconds.
  path: Assets/Prefabs/Sofas/Sofa Set/Corner Sofa (Sofa Set) .prefab
  artifactKey: Guid(828f22a0743ba4946ba846cb7b758220) Importer(815301076,1909f56bfc062723c751e8b465ee728b)
Start importing Assets/Prefabs/Sofas/Sofa Set/Corner Sofa (Sofa Set) .prefab using Guid(828f22a0743ba4946ba846cb7b758220) Importer(815301076,1909f56bfc062723c751e8b465ee728b)  -> (artifact id: 'c4d3c5784377bced031cff73f9ebf302') in 0.037019 seconds 
========================================================================
Received Import Request.
  Time since last request: 1.851052 seconds.
  path: Assets/Prefabs/Sofas/Sofa Set/Corner Sofa (Sofa Set) .prefab
  artifactKey: Guid(828f22a0743ba4946ba846cb7b758220) Importer(815301076,1909f56bfc062723c751e8b465ee728b)
Start importing Assets/Prefabs/Sofas/Sofa Set/Corner Sofa (Sofa Set) .prefab using Guid(828f22a0743ba4946ba846cb7b758220) Importer(815301076,1909f56bfc062723c751e8b465ee728b)  -> (artifact id: '5fad2d6a29030ee43afe262d6ee33b83') in 0.035933 seconds 
========================================================================
Received Import Request.
  Time since last request: 4.132767 seconds.
  path: Assets/Prefabs/Sofas/Sofa Set/Corner Sofa (Sofa Set) .prefab
  artifactKey: Guid(828f22a0743ba4946ba846cb7b758220) Importer(815301076,1909f56bfc062723c751e8b465ee728b)
Start importing Assets/Prefabs/Sofas/Sofa Set/Corner Sofa (Sofa Set) .prefab using Guid(828f22a0743ba4946ba846cb7b758220) Importer(815301076,1909f56bfc062723c751e8b465ee728b)  -> (artifact id: '54290da4288bbc2d21836276953ed40a') in 0.035757 seconds 
========================================================================
Received Import Request.
  Time since last request: 3.321518 seconds.
  path: Assets/Prefabs/Sofas/Sofa Set/Corner Sofa (Sofa Set) .prefab
  artifactKey: Guid(828f22a0743ba4946ba846cb7b758220) Importer(815301076,1909f56bfc062723c751e8b465ee728b)
Start importing Assets/Prefabs/Sofas/Sofa Set/Corner Sofa (Sofa Set) .prefab using Guid(828f22a0743ba4946ba846cb7b758220) Importer(815301076,1909f56bfc062723c751e8b465ee728b)  -> (artifact id: '7ee80d3681b0fe794a5cc46c5ab02ec8') in 0.037657 seconds 
========================================================================
Received Import Request.
  Time since last request: 2.929688 seconds.
  path: Assets/Prefabs/Sofas/Sofa Set/Corner Sofa (Sofa Set) .prefab
  artifactKey: Guid(828f22a0743ba4946ba846cb7b758220) Importer(815301076,1909f56bfc062723c751e8b465ee728b)
Start importing Assets/Prefabs/Sofas/Sofa Set/Corner Sofa (Sofa Set) .prefab using Guid(828f22a0743ba4946ba846cb7b758220) Importer(815301076,1909f56bfc062723c751e8b465ee728b)  -> (artifact id: '1d9a860e66ea7d5b7cb9884332fccb99') in 0.035008 seconds 
========================================================================
Received Import Request.
  Time since last request: 9.197229 seconds.
  path: Assets/Prefabs/Sofas/Sofa Set/End Sofa (Sofa Set).prefab
  artifactKey: Guid(dd78bf643dcab8c408734088e15bbc45) Importer(815301076,1909f56bfc062723c751e8b465ee728b)
Start importing Assets/Prefabs/Sofas/Sofa Set/End Sofa (Sofa Set).prefab using Guid(dd78bf643dcab8c408734088e15bbc45) Importer(815301076,1909f56bfc062723c751e8b465ee728b)  -> (artifact id: '2e69d0ed06d7989cf3b92b2d0bcee313') in 0.043305 seconds 
========================================================================
Received Import Request.
  Time since last request: 1.401579 seconds.
  path: Assets/Prefabs/Sofas/Sofa Set/End Sofa (Sofa Set).prefab
  artifactKey: Guid(dd78bf643dcab8c408734088e15bbc45) Importer(815301076,1909f56bfc062723c751e8b465ee728b)
Start importing Assets/Prefabs/Sofas/Sofa Set/End Sofa (Sofa Set).prefab using Guid(dd78bf643dcab8c408734088e15bbc45) Importer(815301076,1909f56bfc062723c751e8b465ee728b)  -> (artifact id: 'f17e0d33ec5a480fbe540bba8f567f4c') in 0.044337 seconds 
========================================================================
Received Import Request.
  Time since last request: 1.687238 seconds.
  path: Assets/Prefabs/Sofas/Sofa Set/End Sofa (Sofa Set).prefab
  artifactKey: Guid(dd78bf643dcab8c408734088e15bbc45) Importer(815301076,1909f56bfc062723c751e8b465ee728b)
Start importing Assets/Prefabs/Sofas/Sofa Set/End Sofa (Sofa Set).prefab using Guid(dd78bf643dcab8c408734088e15bbc45) Importer(815301076,1909f56bfc062723c751e8b465ee728b)  -> (artifact id: 'c47bc31397892b8887957829675c5782') in 0.040521 seconds 
========================================================================
Received Import Request.
  Time since last request: 2.698639 seconds.
  path: Assets/Prefabs/Sofas/Sofa Set/End Sofa (Sofa Set).prefab
  artifactKey: Guid(dd78bf643dcab8c408734088e15bbc45) Importer(815301076,1909f56bfc062723c751e8b465ee728b)
Start importing Assets/Prefabs/Sofas/Sofa Set/End Sofa (Sofa Set).prefab using Guid(dd78bf643dcab8c408734088e15bbc45) Importer(815301076,1909f56bfc062723c751e8b465ee728b)  -> (artifact id: 'decba9ba3f38508cf27008bcb99a4d86') in 0.041716 seconds 
========================================================================
Received Import Request.
  Time since last request: 5.925753 seconds.
  path: Assets/Prefabs/Sofas/Sofa Set/End Sofa (Sofa Set).prefab
  artifactKey: Guid(dd78bf643dcab8c408734088e15bbc45) Importer(815301076,1909f56bfc062723c751e8b465ee728b)
Start importing Assets/Prefabs/Sofas/Sofa Set/End Sofa (Sofa Set).prefab using Guid(dd78bf643dcab8c408734088e15bbc45) Importer(815301076,1909f56bfc062723c751e8b465ee728b)  -> (artifact id: '97b8dd02517a8fc519c866886bb5b6d5') in 0.039086 seconds 
========================================================================
Received Import Request.
  Time since last request: 7.902112 seconds.
  path: Assets/Prefabs/Sofas/Sofa Set/Island Sofa (Sofa Set).prefab
  artifactKey: Guid(f51df007f7796f140a009669a39049b8) Importer(815301076,1909f56bfc062723c751e8b465ee728b)
Start importing Assets/Prefabs/Sofas/Sofa Set/Island Sofa (Sofa Set).prefab using Guid(f51df007f7796f140a009669a39049b8) Importer(815301076,1909f56bfc062723c751e8b465ee728b)  -> (artifact id: 'ed188d8f9595fddb90213f7b5001cbdd') in 0.074596 seconds 
========================================================================
Received Import Request.
  Time since last request: 1.430451 seconds.
  path: Assets/Prefabs/Sofas/Sofa Set/Island Sofa (Sofa Set).prefab
  artifactKey: Guid(f51df007f7796f140a009669a39049b8) Importer(815301076,1909f56bfc062723c751e8b465ee728b)
Start importing Assets/Prefabs/Sofas/Sofa Set/Island Sofa (Sofa Set).prefab using Guid(f51df007f7796f140a009669a39049b8) Importer(815301076,1909f56bfc062723c751e8b465ee728b)  -> (artifact id: '47d6885f8d76f215019efd933e4d2299') in 0.032505 seconds 
========================================================================
Received Import Request.
  Time since last request: 1.354089 seconds.
  path: Assets/Prefabs/Sofas/Sofa Set/Island Sofa (Sofa Set).prefab
  artifactKey: Guid(f51df007f7796f140a009669a39049b8) Importer(815301076,1909f56bfc062723c751e8b465ee728b)
Start importing Assets/Prefabs/Sofas/Sofa Set/Island Sofa (Sofa Set).prefab using Guid(f51df007f7796f140a009669a39049b8) Importer(815301076,1909f56bfc062723c751e8b465ee728b)  -> (artifact id: '78f06ae87ee89dbc953373f953f78997') in 0.032968 seconds 
========================================================================
Received Import Request.
  Time since last request: 3.765481 seconds.
  path: Assets/Prefabs/Sofas/Sofa Set/Island Sofa (Sofa Set).prefab
  artifactKey: Guid(f51df007f7796f140a009669a39049b8) Importer(815301076,1909f56bfc062723c751e8b465ee728b)
Start importing Assets/Prefabs/Sofas/Sofa Set/Island Sofa (Sofa Set).prefab using Guid(f51df007f7796f140a009669a39049b8) Importer(815301076,1909f56bfc062723c751e8b465ee728b)  -> (artifact id: 'e5b1610c42a6b20a4c4ce53fc11fe6ec') in 0.045985 seconds 
========================================================================
Received Import Request.
  Time since last request: 2.046851 seconds.
  path: Assets/Prefabs/Sofas/Sofa Set/Island Sofa (Sofa Set).prefab
  artifactKey: Guid(f51df007f7796f140a009669a39049b8) Importer(815301076,1909f56bfc062723c751e8b465ee728b)
Start importing Assets/Prefabs/Sofas/Sofa Set/Island Sofa (Sofa Set).prefab using Guid(f51df007f7796f140a009669a39049b8) Importer(815301076,1909f56bfc062723c751e8b465ee728b)  -> (artifact id: '386e5ab800f05584754fd7fcd9d86e99') in 0.075265 seconds 
========================================================================
Received Import Request.
  Time since last request: 5.576591 seconds.
  path: Assets/Prefabs/Sofas/Sofa Set/Middel Sofa (Sofa Set) .prefab
  artifactKey: Guid(8ee8c9d8ff6f34c4a811545567644e9a) Importer(815301076,1909f56bfc062723c751e8b465ee728b)
Start importing Assets/Prefabs/Sofas/Sofa Set/Middel Sofa (Sofa Set) .prefab using Guid(8ee8c9d8ff6f34c4a811545567644e9a) Importer(815301076,1909f56bfc062723c751e8b465ee728b)  -> (artifact id: '8b25da35a05767bc6ffe95774aa85a6f') in 0.040791 seconds 
========================================================================
Received Import Request.
  Time since last request: 1.460206 seconds.
  path: Assets/Prefabs/Sofas/Sofa Set/Middel Sofa (Sofa Set) .prefab
  artifactKey: Guid(8ee8c9d8ff6f34c4a811545567644e9a) Importer(815301076,1909f56bfc062723c751e8b465ee728b)
Start importing Assets/Prefabs/Sofas/Sofa Set/Middel Sofa (Sofa Set) .prefab using Guid(8ee8c9d8ff6f34c4a811545567644e9a) Importer(815301076,1909f56bfc062723c751e8b465ee728b)  -> (artifact id: '46a0ed13394a6d86d2089a12211e65e0') in 0.045308 seconds 
========================================================================
Received Import Request.
  Time since last request: 1.236970 seconds.
  path: Assets/Prefabs/Sofas/Sofa Set/Middel Sofa (Sofa Set) .prefab
  artifactKey: Guid(8ee8c9d8ff6f34c4a811545567644e9a) Importer(815301076,1909f56bfc062723c751e8b465ee728b)
Start importing Assets/Prefabs/Sofas/Sofa Set/Middel Sofa (Sofa Set) .prefab using Guid(8ee8c9d8ff6f34c4a811545567644e9a) Importer(815301076,1909f56bfc062723c751e8b465ee728b)  -> (artifact id: '42fa657118ef51ff29482998484f28c7') in 0.037784 seconds 
========================================================================
Received Import Request.
  Time since last request: 2.900563 seconds.
  path: Assets/Prefabs/Sofas/Sofa Set/Middel Sofa (Sofa Set) .prefab
  artifactKey: Guid(8ee8c9d8ff6f34c4a811545567644e9a) Importer(815301076,1909f56bfc062723c751e8b465ee728b)
Start importing Assets/Prefabs/Sofas/Sofa Set/Middel Sofa (Sofa Set) .prefab using Guid(8ee8c9d8ff6f34c4a811545567644e9a) Importer(815301076,1909f56bfc062723c751e8b465ee728b)  -> (artifact id: '94aa7fb992edc1aaa0ebac4c202e4f48') in 0.042480 seconds 
========================================================================
Received Import Request.
  Time since last request: 3.490979 seconds.
  path: Assets/Prefabs/Sofas/Sofa Set/Middel Sofa (Sofa Set) .prefab
  artifactKey: Guid(8ee8c9d8ff6f34c4a811545567644e9a) Importer(815301076,1909f56bfc062723c751e8b465ee728b)
Start importing Assets/Prefabs/Sofas/Sofa Set/Middel Sofa (Sofa Set) .prefab using Guid(8ee8c9d8ff6f34c4a811545567644e9a) Importer(815301076,1909f56bfc062723c751e8b465ee728b)  -> (artifact id: '193df217a0462b1902c641434664c233') in 0.039906 seconds 
========================================================================
Received Prepare
Registering precompiled user dll's ...
Registered in 0.019309 seconds.
Begin MonoManager ReloadAssembly
Symbol file LoadedFromMemory doesn't match image C:\Users\aaron\Documents\GitHub\Infinite-Store-Game-SCP-3008\Infinite-Store-Game-SCP-3008\Library\PackageCache\com.unity.visualscripting@1.7.8\Editor\VisualScripting.Core\Dependencies\YamlDotNet\Unity.VisualScripting.YamlDotNet.dll
Symbol file LoadedFromMemory doesn't match image C:\Users\aaron\Documents\GitHub\Infinite-Store-Game-SCP-3008\Infinite-Store-Game-SCP-3008\Library\PackageCache\com.unity.visualscripting@1.7.8\Editor\VisualScripting.Core\Dependencies\DotNetZip\Unity.VisualScripting.IonicZip.dll
Native extension for WindowsStandalone target not found
Native extension for WebGL target not found
Refreshing native plugins compatible for Editor in 2.55 ms, found 3 plugins.
Preloading 0 native plugins for Editor in 0.00 ms.
Mono: successfully reloaded assembly
- Completed reload, in  3.189 seconds
Domain Reload Profiling:
	ReloadAssembly (3189ms)
		BeginReloadAssembly (402ms)
			ExecutionOrderSort (0ms)
			DisableScriptedObjects (57ms)
			BackupInstance (0ms)
			ReleaseScriptingObjects (0ms)
			CreateAndSetChildDomain (112ms)
		EndReloadAssembly (2549ms)
			LoadAssemblies (241ms)
			RebuildTransferFunctionScriptingTraits (0ms)
			SetupTypeCache (777ms)
			ReleaseScriptCaches (5ms)
			RebuildScriptCaches (166ms)
			SetupLoadedEditorAssemblies (1037ms)
				LogAssemblyErrors (0ms)
				InitializePlatformSupportModulesInManaged (29ms)
				SetLoadedEditorAssemblies (1ms)
				RefreshPlugins (3ms)
				BeforeProcessingInitializeOnLoad (222ms)
				ProcessInitializeOnLoadAttributes (696ms)
				ProcessInitializeOnLoadMethodAttributes (62ms)
				AfterProcessingInitializeOnLoad (23ms)
				EditorAssembliesLoaded (0ms)
			ExecutionOrderSort2 (0ms)
			AwakeInstancesAfterBackupRestoration (29ms)
Platform modules already initialized, skipping
Refreshing native plugins compatible for Editor in 6.06 ms, found 3 plugins.
Preloading 0 native plugins for Editor in 0.00 ms.
Unloading 6592 Unused Serialized files (Serialized files now loaded: 0)
Unloading 50 unused Assets / (3.8 MB). Loaded Objects now: 7488.
Memory consumption went from 295.9 MB to 292.1 MB.
Total: 9.233900 ms (FindLiveObjects: 1.872700 ms CreateObjectMapping: 0.854700 ms MarkObjects: 5.056300 ms  DeleteObjects: 1.448100 ms)

AssetImportParameters requested are different than current active one (requested -> active):
  custom:video-decoder-ogg-theora: a1e56fd34408186e4bbccfd4996cb3dc -> 
  custom:container-muxer-webm: aa71ff27fc2769a1b78a27578f13a17b -> 
  custom:container-demuxer-webm: 4f35f7cbe854078d1ac9338744f61a02 -> 
  custom:video-encoder-webm-vp8: eb34c28f22e8b96e1ab97ce403110664 -> 
  custom:audio-encoder-webm-vorbis: bf7c407c2cedff20999df2af8eb42d56 -> 
  custom:framework-win-MediaFoundation: 216162199b28c13a410421893ffa2e32 -> 
  custom:container-demuxer-ogg: 62fdf1f143b41e24485cea50d1cbac27 -> 
  custom:video-decoder-webm-vp8: 9c59270c3fd7afecdb556c50c9e8de78 -> 
  custom:audio-decoder-ogg-vorbis: bf7c407c2cedff20999df2af8eb42d56 -> 
